app/build/outputs/logs/manifest-merger-debug-report.txt
-- Merging decision tree log ---
manifest
ADDED from AndroidManifest.xml:2:1
	package
		ADDED from AndroidManifest.xml:3:11
		INJECTED from AndroidManifest.xml:0:0
		INJECTED from AndroidManifest.xml:0:0
	android:versionName
		ADDED from AndroidManifest.xml:5:11
	android:versionCode
		ADDED from AndroidManifest.xml:4:11
		INJECTED from AndroidManifest.xml:0:0
		INJECTED from AndroidManifest.xml:0:0
	xmlns:android
		ADDED from AndroidManifest.xml:2:11
uses-permission#android.permission.WAKE_LOCK
ADDED from AndroidManifest.xml:6:2
	android:name
		ADDED from AndroidManifest.xml:6:19
uses-permission#android.permission.MOUNT_UNMOUNT_FILESYSTEMS
ADDED from AndroidManifest.xml:7:2
	android:name
		ADDED from AndroidManifest.xml:7:19
uses-permission#android.permission.WRITE_EXTERNAL_STORAGE
ADDED from AndroidManifest.xml:8:2
	android:name
		ADDED from AndroidManifest.xml:8:19
uses-permission#android.permission.VIBRATE
ADDED from AndroidManifest.xml:9:2
	android:name
		ADDED from AndroidManifest.xml:9:19
uses-permission#android.permission.EXPAND_STATUS_BAR
ADDED from AndroidManifest.xml:10:2
	android:name
		ADDED from AndroidManifest.xml:10:19
uses-permission#android.permission.PROCESS_OUTGOING_CALLS
ADDED from AndroidManifest.xml:11:2
	android:name
		ADDED from AndroidManifest.xml:11:19
uses-permission#android.permission.READ_PHONE_STATE
ADDED from AndroidManifest.xml:12:2
	android:name
		ADDED from AndroidManifest.xml:12:19
uses-permission#android.permission.MODIFY_AUDIO_SETTINGS
ADDED from AndroidManifest.xml:13:2
	android:name
		ADDED from AndroidManifest.xml:13:19
uses-permission#android.permission.SYSTEM_ALERT_WINDOW
ADDED from AndroidManifest.xml:14:2
	android:name
		ADDED from AndroidManifest.xml:14:19
application
ADDED from AndroidManifest.xml:15:2
MERGED from com.android.support:appcompat-v7:21.0.3:16:5
MERGED from com.android.support:support-v4:22.1.0:22:5
MERGED from com.android.support:recyclerview-v7:22.1.1:22:5
MERGED from com.android.support:support-v4:22.1.0:22:5
	android:label
		ADDED from AndroidManifest.xml:18:4
	android:allowBackup
		ADDED from AndroidManifest.xml:16:4
	android:icon
		ADDED from AndroidManifest.xml:17:4
	android:theme
		ADDED from AndroidManifest.xml:19:4
activity#com.android.hhuimie.hmusic.activities.LoadingActivity
ADDED from AndroidManifest.xml:20:3
	android:screenOrientation
		ADDED from AndroidManifest.xml:22:5
	android:theme
		ADDED from AndroidManifest.xml:23:5
	android:name
		ADDED from AndroidManifest.xml:21:5
intent-filter#android.intent.action.MAIN+android.intent.category.LAUNCHER
ADDED from AndroidManifest.xml:25:4
action#android.intent.action.MAIN
ADDED from AndroidManifest.xml:26:5
	android:name
		ADDED from AndroidManifest.xml:26:13
category#android.intent.category.LAUNCHER
ADDED from AndroidManifest.xml:27:5
	android:name
		ADDED from AndroidManifest.xml:27:15
activity#com.android.hhuimie.hmusic.activities.MainActivity
ADDED from AndroidManifest.xml:30:3
	android:screenOrientation
		ADDED from AndroidManifest.xml:32:13
	android:launchMode
		ADDED from AndroidManifest.xml:31:13
	android:name
		ADDED from AndroidManifest.xml:30:13
activity#com.android.hhuimie.hmusic.activities.SettingsActivity
ADDED from AndroidManifest.xml:33:3
	android:screenOrientation
		ADDED from AndroidManifest.xml:34:13
	android:parentActivityName
		ADDED from AndroidManifest.xml:35:13
	android:name
		ADDED from AndroidManifest.xml:33:13
service#com.android.hhuimie.hmusic.service.MusicService
ADDED from AndroidManifest.xml:36:3
	android:name
		ADDED from AndroidManifest.xml:36:12
uses-sdk
INJECTED from AndroidManifest.xml:0:0 reason: use-sdk injection requested
MERGED from com.android.support:appcompat-v7:21.0.3:15:5
MERGED from com.android.support:support-v4:22.1.0:20:5
MERGED from com.android.support:recyclerview-v7:22.1.1:20:5
MERGED from com.android.support:support-v4:22.1.0:20:5
	android:targetSdkVersion
		INJECTED from AndroidManifest.xml:0:0
		INJECTED from AndroidManifest.xml:0:0
	android:minSdkVersion
		INJECTED from AndroidManifest.xml:0:0
		INJECTED from AndroidManifest.xml:0:0
activity#android.support.v7.widget.TestActivity
ADDED from com.android.support:recyclerview-v7:22.1.1:23:9
	android:label
		ADDED from com.android.support:recyclerview-v7:22.1.1:25:13
	android:name
		ADDED from com.android.support:recyclerview-v7:22.1.1:24:13